<?xml version="1.0" encoding="UTF-8"?>
<!-- Generated by org.testng.reporters.JUnitReportReporter -->
<testsuite hostname="1-pk" name="ru.stqa.selenium.LoginTest" tests="1" failures="0" timestamp="24 May 2016 21:30:31 GMT" time="3.053" errors="0">
  <testcase name="testLogin" time="3.053" classname="ru.stqa.selenium.LoginTest"/>
</testsuite> <!-- ru.stqa.selenium.LoginTest -->
