<?xml version="1.0" encoding="UTF-8"?>
<!-- Generated by org.testng.reporters.JUnitReportReporter -->
<testsuite hostname="1-pk" name="ru.stqa.selenium.SampleTestNgTest" tests="1" failures="0" timestamp="24 May 2016 21:30:31 GMT" time="7.885" errors="0">
  <testcase name="testHomePageHasAHeader" time="7.885" classname="ru.stqa.selenium.SampleTestNgTest"/>
</testsuite> <!-- ru.stqa.selenium.SampleTestNgTest -->
