<?xml version="1.0" encoding="UTF-8"?>
<!-- Generated by org.testng.reporters.JUnitReportReporter -->
<testsuite hostname="1-pk" name="ru.stqa.selenium.CreationFilmSuccess" tests="1" failures="0" timestamp="24 May 2016 21:30:31 GMT" time="10.837" errors="0">
  <testcase name="testCreationFilmSuccess" time="10.837" classname="ru.stqa.selenium.CreationFilmSuccess"/>
</testsuite> <!-- ru.stqa.selenium.CreationFilmSuccess -->
