<?xml version="1.0" encoding="UTF-8"?>
<!-- Generated by org.testng.reporters.JUnitReportReporter -->
<testsuite hostname="1-pk" name="ru.stqa.selenium.CreationFilmWithNotValidNumber" tests="1" failures="0" timestamp="24 May 2016 21:30:31 GMT" time="8.545" errors="0">
  <testcase name="testCreationFilmWithNotValidNumber" time="8.545" classname="ru.stqa.selenium.CreationFilmWithNotValidNumber"/>
</testsuite> <!-- ru.stqa.selenium.CreationFilmWithNotValidNumber -->
