<?xml version="1.0" encoding="UTF-8"?>
<!-- Generated by org.testng.reporters.JUnitReportReporter -->
<testsuite hostname="1-pk" name="ru.stqa.selenium.SearchFilmNotFound" tests="1" failures="0" timestamp="25 May 2016 21:17:50 GMT" time="9.498" errors="0">
  <testcase name="testSearchFilmNotFound" time="9.498" classname="ru.stqa.selenium.SearchFilmNotFound"/>
</testsuite> <!-- ru.stqa.selenium.SearchFilmNotFound -->
