<?xml version="1.0" encoding="UTF-8"?>
<!-- Generated by org.testng.reporters.JUnitReportReporter -->
<testsuite hostname="1-pk" name="ru.stqa.selenium.LoginTest" tests="1" failures="0" timestamp="14 May 2016 20:09:45 GMT" time="20.408" errors="0">
  <testcase name="testLogin" time="20.408" classname="ru.stqa.selenium.LoginTest"/>
</testsuite> <!-- ru.stqa.selenium.LoginTest -->
