<?xml version="1.0" encoding="UTF-8"?>
<!-- Generated by org.testng.reporters.JUnitReportReporter -->
<testsuite hostname="1-pk" name="ru.stqa.selenium.DeleteFirstFilm" tests="1" failures="0" timestamp="24 May 2016 21:30:31 GMT" time="9.300" errors="0">
  <testcase name="testDeleteFirstFilm" time="9.300" classname="ru.stqa.selenium.DeleteFirstFilm"/>
</testsuite> <!-- ru.stqa.selenium.DeleteFirstFilm -->
