<?xml version="1.0" encoding="UTF-8"?>
<!-- Generated by org.testng.reporters.JUnitReportReporter -->
<testsuite hostname="1-pk" name="ru.stqa.selenium.SearchFilmFound" tests="1" failures="0" timestamp="25 May 2016 20:41:37 GMT" time="9.498" errors="0">
  <testcase name="testSearchFilmFound" time="9.498" classname="ru.stqa.selenium.SearchFilmFound"/>
</testsuite> <!-- ru.stqa.selenium.SearchFilmFound -->
